生成启动时间为 2020-09-30 15:47:25。
     1>项目“F:\Project\2019 Aut\数据结构\代码\ReL\HWCloud\week1\t2\t2\t2.vcxproj”在节点 2 上(build 个目标)。
     1>PrepareForBuild:
         正在创建目录“F:\Project\2019 Aut\数据结构\代码\ReL\HWCloud\week1\t2\Debug\”。
       InitializeBuildStatus:
         正在创建“Debug\t2.unsuccessfulbuild”，因为已指定“AlwaysCreate”。
       ClCompile:
         C:\Program Files (x86)\Microsoft Visual Studio 10.0\VC\bin\CL.exe /c /ZI /nologo /W3 /WX- /Od /Oy- /D WIN32 /D _DEBUG /D _CONSOLE /D _UNICODE /D UNICODE /Gm /EHsc /RTC1 /MDd /GS /fp:precise /Zc:wchar_t /Zc:forScope /Fo"Debug\\" /Fd"Debug\vc100.pdb" /Gd /TP /analyze- /errorReport:prompt t2.cpp
         t2.cpp
       ManifestResourceCompile:
         C:\Program Files (x86)\Microsoft SDKs\Windows\v7.0A\bin\rc.exe /nologo /fo"Debug\t2.exe.embed.manifest.res" Debug\t2_manifest.rc 
       Link:
         C:\Program Files (x86)\Microsoft Visual Studio 10.0\VC\bin\link.exe /ERRORREPORT:PROMPT /OUT:"F:\Project\2019 Aut\数据结构\代码\ReL\HWCloud\week1\t2\Debug\t2.exe" /INCREMENTAL /NOLOGO kernel32.lib user32.lib gdi32.lib winspool.lib comdlg32.lib advapi32.lib shell32.lib ole32.lib oleaut32.lib uuid.lib odbc32.lib odbccp32.lib /MANIFEST /ManifestFile:"Debug\t2.exe.intermediate.manifest" /MANIFESTUAC:"level='asInvoker' uiAccess='false'" /DEBUG /PDB:"F:\Project\2019 Aut\数据结构\代码\ReL\HWCloud\week1\t2\Debug\t2.pdb" /SUBSYSTEM:CONSOLE /TLBID:1 /DYNAMICBASE /NXCOMPAT /IMPLIB:"F:\Project\2019 Aut\数据结构\代码\ReL\HWCloud\week1\t2\Debug\t2.lib" /MACHINE:X86 Debug\t2.exe.embed.manifest.res
         Debug\t2.obj
       Manifest:
         C:\Program Files (x86)\Microsoft SDKs\Windows\v7.0A\bin\mt.exe /nologo /verbose /out:"Debug\t2.exe.embed.manifest" /manifest Debug\t2.exe.intermediate.manifest
         C:\Program Files (x86)\Microsoft SDKs\Windows\v7.0A\bin\rc.exe /nologo /fo"Debug\t2.exe.embed.manifest.res" Debug\t2_manifest.rc 
       LinkEmbedManifest:
         C:\Program Files (x86)\Microsoft Visual Studio 10.0\VC\bin\link.exe /ERRORREPORT:PROMPT /OUT:"F:\Project\2019 Aut\数据结构\代码\ReL\HWCloud\week1\t2\Debug\t2.exe" /INCREMENTAL /NOLOGO kernel32.lib user32.lib gdi32.lib winspool.lib comdlg32.lib advapi32.lib shell32.lib ole32.lib oleaut32.lib uuid.lib odbc32.lib odbccp32.lib /MANIFEST /ManifestFile:"Debug\t2.exe.intermediate.manifest" /MANIFESTUAC:"level='asInvoker' uiAccess='false'" /DEBUG /PDB:"F:\Project\2019 Aut\数据结构\代码\ReL\HWCloud\week1\t2\Debug\t2.pdb" /SUBSYSTEM:CONSOLE /TLBID:1 /DYNAMICBASE /NXCOMPAT /IMPLIB:"F:\Project\2019 Aut\数据结构\代码\ReL\HWCloud\week1\t2\Debug\t2.lib" /MACHINE:X86 Debug\t2.exe.embed.manifest.res
         Debug\t2.obj
         t2.vcxproj -> F:\Project\2019 Aut\数据结构\代码\ReL\HWCloud\week1\t2\Debug\t2.exe
       FinalizeBuildStatus:
         正在删除文件“Debug\t2.unsuccessfulbuild”。
         正在对“Debug\t2.lastbuildstate”执行 Touch 任务。
     1>已完成生成项目“F:\Project\2019 Aut\数据结构\代码\ReL\HWCloud\week1\t2\t2\t2.vcxproj”(build 个目标)的操作。

生成成功。

已用时间 00:00:05.60
